<?xml version="1.0" encoding="UTF-8"?>
<!-- Generated by org.testng.reporters.JUnitXMLReporter -->
<testsuite ignored="0" hostname="sreedevi" failures="0" tests="3" name="chromeTest" time="19.03" errors="0" timestamp="2025-01-21T20:05:37 IST">
  <testcase classname="testScript.ManageProductTest" name="verifyTheUserIsAbleToDeleteTheProduct" time="3.098"/>
  <testcase classname="testScript.AdminUsersTest" name="verifyTheUserIsAbleToCreateAAdminUser" time="3.046"/>
  <testcase classname="testScript.AdminUsersTest" name="verifyTheUserIsAbleToDeleteTheAdminUserDetails" time="1.712"/>
</testsuite> <!-- chromeTest -->
