<?xml version="1.0" encoding="UTF-8"?>
<!-- Generated by org.testng.reporters.JUnitXMLReporter -->
<testsuite ignored="3" hostname="sreedevi" failures="0" tests="1" name="chromeTest" time="5.303" errors="0" timestamp="2025-01-27T10:59:02 IST">
  <testcase classname="testScript.LoginTest" name="verifyTheUserIsAbleToLoginUsingValidCredentials" time="1.913"/>
  <testcase classname="testScript.LoginTest" name="verifyTheUserIsAbleToLoginWithIncorrectUsernameAndPassword" time="0.0">
    <ignored/>
  </testcase> <!-- verifyTheUserIsAbleToLoginWithIncorrectUsernameAndPassword -->
  <testcase classname="testScript.LoginTest" name="verifyTheUserIsAbleToLoginWithIncorrectPassword" time="0.0">
    <ignored/>
  </testcase> <!-- verifyTheUserIsAbleToLoginWithIncorrectPassword -->
  <testcase classname="testScript.LoginTest" name="verifyTheUserIsAbleToLoginIncorrectUsername" time="0.0">
    <ignored/>
  </testcase> <!-- verifyTheUserIsAbleToLoginIncorrectUsername -->
</testsuite> <!-- chromeTest -->
