<?xml version="1.0" encoding="UTF-8"?>
<!-- Generated by org.testng.reporters.JUnitXMLReporter -->
<testsuite ignored="3" hostname="sreedevi" failures="1" tests="1" name="parameter" time="0.071" errors="0" timestamp="2025-01-21T14:58:43 IST">
  <testcase classname="testScript.LoginTest" name="verifyTheUserIsAbleToLoginWithIncorrectPassword" time="0.0">
    <failure type="org.testng.TestNGException" message="
Parameter &amp;apos;username&amp;apos; is required by @Test on method verifyTheUserIsAbleToLoginWithIncorrectPassword but has not been marked @Optional or defined
in C:\Users\91799\eclipse-workspace\7Rmart\Parameter.xml">
      <![CDATA[org.testng.TestNGException: 
Parameter 'username' is required by @Test on method verifyTheUserIsAbleToLoginWithIncorrectPassword but has not been marked @Optional or defined
in C:\Users\91799\eclipse-workspace\7Rmart\Parameter.xml
at java.base/java.util.ArrayList.forEach(ArrayList.java:1511)
... Removed 26 stack frames]]>
    </failure>
  </testcase> <!-- verifyTheUserIsAbleToLoginWithIncorrectPassword -->
  <testcase classname="testScript.LoginTest" name="verifyTheUserIsAbleToLoginWithIncorrectUsernameAndPassword" time="0.0">
    <ignored/>
  </testcase> <!-- verifyTheUserIsAbleToLoginWithIncorrectUsernameAndPassword -->
  <testcase classname="testScript.LoginTest" name="verifyTheUserIsAbleToLoginIncorrectUsername" time="0.0">
    <ignored/>
  </testcase> <!-- verifyTheUserIsAbleToLoginIncorrectUsername -->
  <testcase classname="testScript.LoginTest" name="verifyTheUserIsAbleToLoginUsingValidCredentials" time="0.0">
    <ignored/>
  </testcase> <!-- verifyTheUserIsAbleToLoginUsingValidCredentials -->
</testsuite> <!-- parameter -->
