<?xml version="1.0" encoding="UTF-8"?>
<!-- Generated by org.testng.reporters.JUnitXMLReporter -->
<testsuite ignored="3" hostname="sreedevi" failures="0" tests="1" name="Test" time="3.915" errors="0" timestamp="2025-01-21T14:56:15 IST">
  <testcase classname="testScript.LoginTest" name="verifyTheUserIsAbleToLoginUsingValidCredentials" time="1.429"/>
  <testcase classname="testScript.LoginTest" name="verifyTheUserIsAbleToLoginIncorrectUsername" time="0.0">
    <ignored/>
  </testcase> <!-- verifyTheUserIsAbleToLoginIncorrectUsername -->
  <testcase classname="testScript.LoginTest" name="verifyTheUserIsAbleToLoginWithIncorrectUsernameAndPassword" time="0.0">
    <ignored/>
  </testcase> <!-- verifyTheUserIsAbleToLoginWithIncorrectUsernameAndPassword -->
  <testcase classname="testScript.LoginTest" name="verifyTheUserIsAbleToLoginWithIncorrectPassword" time="0.0">
    <ignored/>
  </testcase> <!-- verifyTheUserIsAbleToLoginWithIncorrectPassword -->
</testsuite> <!-- Test -->
