<?xml version="1.0" encoding="UTF-8"?>
<!-- Generated by org.testng.reporters.JUnitXMLReporter -->
<testsuite ignored="1" hostname="sreedevi" failures="1" tests="5" name="Test" time="21.935" errors="0" timestamp="2025-01-27T12:04:58 IST">
  <testcase classname="testScript.AdminUsersTest" name="verifyTheUserIsAbleToCreateAAdminUser" time="3.937"/>
  <testcase classname="testScript.AdminUsersTest" name="verifyTheUserIsAbleToDeleteTheAdminUserDetails" time="1.793"/>
  <testcase classname="testScript.ManageContactText" name="verifyTheUserIsAbleToUpdateTheContactInformation" time="0.287">
    <skipped/>
  </testcase> <!-- verifyTheUserIsAbleToUpdateTheContactInformation -->
  <testcase classname="testScript.ManageContactText" name="verifyTheUserIsAbleToUpdateTheContactInformation" time="0.199">
    <skipped/>
  </testcase> <!-- verifyTheUserIsAbleToUpdateTheContactInformation -->
  <testcase classname="testScript.ManageContactText" name="verifyTheUserIsAbleToUpdateTheContactInformation" time="0.294">
    <failure type="java.lang.NullPointerException" message="Cannot invoke &amp;quot;org.apache.poi.xssf.usermodel.XSSFSheet.getRow(int)&amp;quot; because &amp;quot;utilities.ExcelUtility.sh&amp;quot; is null">
      <![CDATA[java.lang.NullPointerException: Cannot invoke "org.apache.poi.xssf.usermodel.XSSFSheet.getRow(int)" because "utilities.ExcelUtility.sh" is null
at utilities.ExcelUtility.readIntegerData(ExcelUtility.java:34)
at testScript.ManageContactText.verifyTheUserIsAbleToUpdateTheContactInformation(ManageContactText.java:25)
at java.base/java.util.ArrayList.forEach(ArrayList.java:1511)
... Removed 27 stack frames]]>
    </failure>
  </testcase> <!-- verifyTheUserIsAbleToUpdateTheContactInformation -->
  <testcase classname="testScript.ManageContactText" name="verifyTheUpdateButtonIsDisplyedSuccessfully" time="0.0">
    <ignored/>
  </testcase> <!-- verifyTheUpdateButtonIsDisplyedSuccessfully -->
</testsuite> <!-- Test -->
