<?xml version="1.0" encoding="UTF-8"?>
<testng-results ignored="0" total="1" passed="1" failed="0" skipped="0">
  <reporter-output>
  </reporter-output>
  <suite started-at="2025-01-23T21:30:19 IST" name="Suite" finished-at="2025-01-23T21:30:27 IST" duration-ms="8050">
    <groups>
      <group name="regression">
        <method signature="LoginTest.verifyTheUserIsAbleToLoginUsingValidCredentials()[pri:0, instance:testScript.LoginTest@8458f04]" name="verifyTheUserIsAbleToLoginUsingValidCredentials" class="testScript.LoginTest"/>
      </group> <!-- regression -->
    </groups>
    <test started-at="2025-01-23T21:30:19 IST" name="Test" finished-at="2025-01-23T21:30:27 IST" duration-ms="8050">
      <class name="testScript.LoginTest">
        <test-method is-config="true" signature="initializeBrowser(java.lang.String)[pri:0, instance:testScript.LoginTest@8458f04]" started-at="2025-01-23T21:30:19 IST" name="initializeBrowser" finished-at="2025-01-23T21:30:25 IST" duration-ms="5876" status="PASS">
          <params>
            <param index="0">
              <value>
                <![CDATA[chrome]]>
              </value>
            </param>
          </params>
          <reporter-output>
          </reporter-output>
        </test-method> <!-- initializeBrowser -->
        <test-method signature="verifyTheUserIsAbleToLoginUsingValidCredentials()[pri:0, instance:testScript.LoginTest@8458f04]" started-at="2025-01-23T21:30:25 IST" name="verifyTheUserIsAbleToLoginUsingValidCredentials" description="test case used to login using valid Credentials" finished-at="2025-01-23T21:30:27 IST" duration-ms="2095" status="PASS">
          <reporter-output>
          </reporter-output>
        </test-method> <!-- verifyTheUserIsAbleToLoginUsingValidCredentials -->
        <test-method is-config="true" signature="browserQuit(org.testng.ITestResult)[pri:0, instance:testScript.LoginTest@8458f04]" started-at="2025-01-23T21:30:27 IST" name="browserQuit" finished-at="2025-01-23T21:30:27 IST" duration-ms="2" status="PASS">
          <params>
            <param index="0">
              <value>
                <![CDATA[[TestResult name=verifyTheUserIsAbleToLoginUsingValidCredentials status=SUCCESS method=LoginTest.verifyTheUserIsAbleToLoginUsingValidCredentials()[pri:0, instance:testScript.LoginTest@8458f04] output={null}]]]>
              </value>
            </param>
          </params>
          <reporter-output>
          </reporter-output>
        </test-method> <!-- browserQuit -->
      </class> <!-- testScript.LoginTest -->
    </test> <!-- Test -->
  </suite> <!-- Suite -->
</testng-results>
